<?xml version="1.0" encoding="UTF-8"?>
<coverage generated="1502639910515" clover="3.2.0">
  <project timestamp="1502639910515" name="All files">
    <metrics statements="60" coveredstatements="44" conditionals="28" coveredconditionals="22" methods="9" coveredmethods="9" elements="97" coveredelements="75" complexity="0" loc="60" ncloc="60" packages="1" files="3" classes="3">
      <file name="Validator.js" path="/Users/steven/Documents/Sites/basic-form-validator/src/Validator.js">
        <metrics statements="38" coveredstatements="36" conditionals="24" coveredconditionals="22" methods="9" coveredmethods="9"/>
        <line num="9" count="3" type="stmt"/>
        <line num="10" count="3" type="stmt"/>
        <line num="11" count="2" type="cond" truecount="1" falsecount="1"/>
        <line num="17" count="0" type="stmt"/>
        <line num="18" count="2" type="cond" truecount="2" falsecount="0"/>
        <line num="20" count="1" type="stmt"/>
        <line num="21" count="1" type="stmt"/>
        <line num="24" count="1" type="stmt"/>
        <line num="27" count="3" type="stmt"/>
        <line num="28" count="3" type="stmt"/>
        <line num="29" count="3" type="stmt"/>
        <line num="33" count="13" type="cond" truecount="1" falsecount="1"/>
        <line num="34" count="0" type="stmt"/>
        <line num="35" count="13" type="cond" truecount="2" falsecount="0"/>
        <line num="36" count="4" type="stmt"/>
        <line num="38" count="9" type="stmt"/>
        <line num="42" count="6" type="stmt"/>
        <line num="43" count="6" type="stmt"/>
        <line num="44" count="6" type="stmt"/>
        <line num="45" count="12" type="stmt"/>
        <line num="47" count="6" type="stmt"/>
        <line num="57" count="6" type="cond" truecount="2" falsecount="0"/>
        <line num="58" count="6" type="stmt"/>
        <line num="59" count="6" type="stmt"/>
        <line num="60" count="6" type="stmt"/>
        <line num="61" count="6" type="stmt"/>
        <line num="62" count="13" type="stmt"/>
        <line num="63" count="13" type="cond" truecount="2" falsecount="0"/>
        <line num="71" count="6" type="stmt"/>
        <line num="74" count="6" type="cond" truecount="2" falsecount="0"/>
        <line num="75" count="1" type="stmt"/>
        <line num="80" count="5" type="stmt"/>
        <line num="85" count="1" type="stmt"/>
        <line num="86" count="1" type="stmt"/>
        <line num="87" count="1" type="stmt"/>
        <line num="88" count="2" type="stmt"/>
        <line num="90" count="1" type="stmt"/>
        <line num="91" count="2" type="stmt"/>
      </file>
      <file name="index.js" path="/Users/steven/Documents/Sites/basic-form-validator/src/index.js">
        <metrics statements="0" coveredstatements="0" conditionals="0" coveredconditionals="0" methods="0" coveredmethods="0"/>
      </file>
      <file name="validations.js" path="/Users/steven/Documents/Sites/basic-form-validator/src/validations.js">
        <metrics statements="22" coveredstatements="8" conditionals="4" coveredconditionals="0" methods="0" coveredmethods="0"/>
        <line num="4" count="6" type="stmt"/>
        <line num="7" count="4" type="stmt"/>
        <line num="12" count="0" type="stmt"/>
        <line num="15" count="0" type="stmt"/>
        <line num="20" count="0" type="stmt"/>
        <line num="21" count="0" type="stmt"/>
        <line num="24" count="0" type="stmt"/>
        <line num="32" count="4" type="stmt"/>
        <line num="33" count="4" type="stmt"/>
        <line num="36" count="2" type="stmt"/>
        <line num="44" count="0" type="stmt"/>
        <line num="47" count="0" type="stmt"/>
        <line num="52" count="0" type="cond" truecount="0" falsecount="2"/>
        <line num="53" count="0" type="stmt"/>
        <line num="55" count="0" type="stmt"/>
        <line num="58" count="0" type="stmt"/>
        <line num="63" count="2" type="stmt"/>
        <line num="64" count="2" type="stmt"/>
        <line num="67" count="4" type="stmt"/>
        <line num="72" count="0" type="stmt"/>
        <line num="73" count="0" type="cond" truecount="0" falsecount="2"/>
        <line num="76" count="0" type="stmt"/>
      </file>
    </metrics>
  </project>
</coverage>
