{"/Users/steven/Documents/Sites/basic-form-validator/src/Validator.js": {"path":"/Users/steven/Documents/Sites/basic-form-validator/src/Validator.js","statementMap":{"0":{"start":{"line":9,"column":16},"end":{"line":9,"column":27}},"1":{"start":{"line":10,"column":4},"end":{"line":26,"column":5}},"2":{"start":{"line":11,"column":6},"end":{"line":25,"column":7}},"3":{"start":{"line":17,"column":8},"end":{"line":17,"column":62}},"4":{"start":{"line":18,"column":13},"end":{"line":25,"column":7}},"5":{"start":{"line":20,"column":29},"end":{"line":20,"column":75}},"6":{"start":{"line":21,"column":8},"end":{"line":21,"column":51}},"7":{"start":{"line":24,"column":8},"end":{"line":24,"column":62}},"8":{"start":{"line":27,"column":4},"end":{"line":27,"column":29}},"9":{"start":{"line":28,"column":4},"end":{"line":28,"column":33}},"10":{"start":{"line":29,"column":4},"end":{"line":29,"column":65}},"11":{"start":{"line":33,"column":4},"end":{"line":37,"column":5}},"12":{"start":{"line":34,"column":6},"end":{"line":34,"column":34}},"13":{"start":{"line":35,"column":11},"end":{"line":37,"column":5}},"14":{"start":{"line":36,"column":6},"end":{"line":36,"column":34}},"15":{"start":{"line":38,"column":4},"end":{"line":38,"column":34}},"16":{"start":{"line":42,"column":19},"end":{"line":42,"column":21}},"17":{"start":{"line":43,"column":21},"end":{"line":43,"column":34}},"18":{"start":{"line":44,"column":4},"end":{"line":46,"column":5}},"19":{"start":{"line":45,"column":6},"end":{"line":45,"column":51}},"20":{"start":{"line":47,"column":4},"end":{"line":47,"column":18}},"21":{"start":{"line":57,"column":19},"end":{"line":57,"column":66}},"22":{"start":{"line":58,"column":4},"end":{"line":81,"column":7}},"23":{"start":{"line":59,"column":20},"end":{"line":59,"column":42}},"24":{"start":{"line":60,"column":21},"end":{"line":60,"column":23}},"25":{"start":{"line":61,"column":6},"end":{"line":73,"column":9}},"26":{"start":{"line":62,"column":22},"end":{"line":62,"column":40}},"27":{"start":{"line":63,"column":8},"end":{"line":72,"column":9}},"28":{"start":{"line":71,"column":10},"end":{"line":71,"column":43}},"29":{"start":{"line":74,"column":6},"end":{"line":79,"column":7}},"30":{"start":{"line":75,"column":8},"end":{"line":78,"column":11}},"31":{"start":{"line":80,"column":6},"end":{"line":80,"column":42}},"32":{"start":{"line":85,"column":19},"end":{"line":85,"column":43}},"33":{"start":{"line":86,"column":21},"end":{"line":86,"column":23}},"34":{"start":{"line":87,"column":4},"end":{"line":89,"column":5}},"35":{"start":{"line":88,"column":6},"end":{"line":88,"column":50}},"36":{"start":{"line":90,"column":4},"end":{"line":92,"column":6}},"37":{"start":{"line":91,"column":6},"end":{"line":91,"column":63}},"38":{"start":{"line":91,"column":37},"end":{"line":91,"column":57}}},"fnMap":{"0":{"name":"(anonymous_0)","decl":{"start":{"line":4,"column":2},"end":{"line":4,"column":3}},"loc":{"start":{"line":8,"column":4},"end":{"line":30,"column":3}},"line":8},"1":{"name":"(anonymous_1)","decl":{"start":{"line":32,"column":2},"end":{"line":32,"column":3}},"loc":{"start":{"line":32,"column":16},"end":{"line":39,"column":3}},"line":32},"2":{"name":"(anonymous_2)","decl":{"start":{"line":41,"column":2},"end":{"line":41,"column":3}},"loc":{"start":{"line":41,"column":22},"end":{"line":48,"column":3}},"line":41},"3":{"name":"(anonymous_3)","decl":{"start":{"line":50,"column":2},"end":{"line":50,"column":3}},"loc":{"start":{"line":56,"column":4},"end":{"line":82,"column":3}},"line":56},"4":{"name":"(anonymous_4)","decl":{"start":{"line":58,"column":23},"end":{"line":58,"column":24}},"loc":{"start":{"line":58,"column":34},"end":{"line":81,"column":5}},"line":58},"5":{"name":"(anonymous_5)","decl":{"start":{"line":61,"column":20},"end":{"line":61,"column":21}},"loc":{"start":{"line":61,"column":28},"end":{"line":73,"column":7}},"line":61},"6":{"name":"(anonymous_6)","decl":{"start":{"line":84,"column":2},"end":{"line":84,"column":3}},"loc":{"start":{"line":84,"column":75},"end":{"line":93,"column":3}},"line":84},"7":{"name":"(anonymous_7)","decl":{"start":{"line":90,"column":38},"end":{"line":90,"column":39}},"loc":{"start":{"line":91,"column":6},"end":{"line":91,"column":63}},"line":91},"8":{"name":"(anonymous_8)","decl":{"start":{"line":91,"column":20},"end":{"line":91,"column":21}},"loc":{"start":{"line":91,"column":37},"end":{"line":91,"column":57}},"line":91}},"branchMap":{"0":{"loc":{"start":{"line":6,"column":4},"end":{"line":6,"column":26}},"type":"default-arg","locations":[{"start":{"line":6,"column":24},"end":{"line":6,"column":26}}],"line":6},"1":{"loc":{"start":{"line":7,"column":4},"end":{"line":7,"column":35}},"type":"default-arg","locations":[{"start":{"line":7,"column":33},"end":{"line":7,"column":35}}],"line":7},"2":{"loc":{"start":{"line":11,"column":6},"end":{"line":25,"column":7}},"type":"if","locations":[{"start":{"line":11,"column":6},"end":{"line":25,"column":7}},{"start":{"line":11,"column":6},"end":{"line":25,"column":7}}],"line":11},"3":{"loc":{"start":{"line":12,"column":8},"end":{"line":14,"column":27}},"type":"binary-expr","locations":[{"start":{"line":12,"column":8},"end":{"line":12,"column":41}},{"start":{"line":13,"column":8},"end":{"line":13,"column":39}},{"start":{"line":14,"column":8},"end":{"line":14,"column":27}}],"line":12},"4":{"loc":{"start":{"line":18,"column":13},"end":{"line":25,"column":7}},"type":"if","locations":[{"start":{"line":18,"column":13},"end":{"line":25,"column":7}},{"start":{"line":18,"column":13},"end":{"line":25,"column":7}}],"line":18},"5":{"loc":{"start":{"line":33,"column":4},"end":{"line":37,"column":5}},"type":"if","locations":[{"start":{"line":33,"column":4},"end":{"line":37,"column":5}},{"start":{"line":33,"column":4},"end":{"line":37,"column":5}}],"line":33},"6":{"loc":{"start":{"line":35,"column":11},"end":{"line":37,"column":5}},"type":"if","locations":[{"start":{"line":35,"column":11},"end":{"line":37,"column":5}},{"start":{"line":35,"column":11},"end":{"line":37,"column":5}}],"line":35},"7":{"loc":{"start":{"line":53,"column":4},"end":{"line":53,"column":22}},"type":"default-arg","locations":[{"start":{"line":53,"column":17},"end":{"line":53,"column":22}}],"line":53},"8":{"loc":{"start":{"line":54,"column":4},"end":{"line":54,"column":22}},"type":"default-arg","locations":[{"start":{"line":54,"column":15},"end":{"line":54,"column":22}}],"line":54},"9":{"loc":{"start":{"line":55,"column":4},"end":{"line":55,"column":37}},"type":"default-arg","locations":[{"start":{"line":55,"column":22},"end":{"line":55,"column":37}}],"line":55},"10":{"loc":{"start":{"line":57,"column":19},"end":{"line":57,"column":66}},"type":"cond-expr","locations":[{"start":{"line":57,"column":35},"end":{"line":57,"column":59}},{"start":{"line":57,"column":62},"end":{"line":57,"column":66}}],"line":57},"11":{"loc":{"start":{"line":63,"column":8},"end":{"line":72,"column":9}},"type":"if","locations":[{"start":{"line":63,"column":8},"end":{"line":72,"column":9}},{"start":{"line":63,"column":8},"end":{"line":72,"column":9}}],"line":63},"12":{"loc":{"start":{"line":74,"column":6},"end":{"line":79,"column":7}},"type":"if","locations":[{"start":{"line":74,"column":6},"end":{"line":79,"column":7}},{"start":{"line":74,"column":6},"end":{"line":79,"column":7}}],"line":74},"13":{"loc":{"start":{"line":84,"column":20},"end":{"line":84,"column":38}},"type":"default-arg","locations":[{"start":{"line":84,"column":33},"end":{"line":84,"column":38}}],"line":84},"14":{"loc":{"start":{"line":84,"column":40},"end":{"line":84,"column":73}},"type":"default-arg","locations":[{"start":{"line":84,"column":58},"end":{"line":84,"column":73}}],"line":84}},"s":{"0":3,"1":3,"2":2,"3":0,"4":2,"5":1,"6":1,"7":1,"8":3,"9":3,"10":3,"11":13,"12":0,"13":13,"14":4,"15":9,"16":6,"17":6,"18":6,"19":12,"20":6,"21":6,"22":6,"23":6,"24":6,"25":6,"26":13,"27":13,"28":6,"29":6,"30":1,"31":5,"32":1,"33":1,"34":1,"35":2,"36":1,"37":1,"38":2},"f":{"0":3,"1":13,"2":6,"3":6,"4":6,"5":13,"6":1,"7":1,"8":2},"b":{"0":[1],"1":[3],"2":[0,2],"3":[2,1,1],"4":[1,1],"5":[0,13],"6":[4,9],"7":[5],"8":[6],"9":[6],"10":[4,2],"11":[6,7],"12":[1,5],"13":[1],"14":[1]},"_coverageSchema":"332fd63041d2c1bcb487cc26dd0d5f7d97098a6c","hash":"53e3fd56f4f3a84ecbaa683b6ffd867fc257a480"}
,"/Users/steven/Documents/Sites/basic-form-validator/src/index.js": {"path":"/Users/steven/Documents/Sites/basic-form-validator/src/index.js","statementMap":{},"fnMap":{},"branchMap":{},"s":{},"f":{},"b":{},"_coverageSchema":"332fd63041d2c1bcb487cc26dd0d5f7d97098a6c","hash":"96674b338ec591c8e730ed422e261b9452b26092"}
,"/Users/steven/Documents/Sites/basic-form-validator/src/validations.js": {"path":"/Users/steven/Documents/Sites/basic-form-validator/src/validations.js","statementMap":{"0":{"start":{"line":4,"column":6},"end":{"line":4,"column":20}},"1":{"start":{"line":7,"column":6},"end":{"line":7,"column":39}},"2":{"start":{"line":12,"column":6},"end":{"line":12,"column":28}},"3":{"start":{"line":15,"column":6},"end":{"line":15,"column":39}},"4":{"start":{"line":20,"column":23},"end":{"line":20,"column":51}},"5":{"start":{"line":21,"column":6},"end":{"line":21,"column":37}},"6":{"start":{"line":24,"column":6},"end":{"line":27,"column":22}},"7":{"start":{"line":32,"column":23},"end":{"line":32,"column":51}},"8":{"start":{"line":33,"column":6},"end":{"line":33,"column":37}},"9":{"start":{"line":36,"column":6},"end":{"line":39,"column":22}},"10":{"start":{"line":44,"column":6},"end":{"line":44,"column":32}},"11":{"start":{"line":47,"column":6},"end":{"line":47,"column":64}},"12":{"start":{"line":52,"column":6},"end":{"line":54,"column":7}},"13":{"start":{"line":53,"column":8},"end":{"line":53,"column":57}},"14":{"start":{"line":55,"column":6},"end":{"line":55,"column":19}},"15":{"start":{"line":58,"column":6},"end":{"line":58,"column":46}},"16":{"start":{"line":63,"column":26},"end":{"line":63,"column":72}},"17":{"start":{"line":64,"column":6},"end":{"line":64,"column":38}},"18":{"start":{"line":67,"column":6},"end":{"line":67,"column":51}},"19":{"start":{"line":72,"column":26},"end":{"line":72,"column":43}},"20":{"start":{"line":73,"column":6},"end":{"line":73,"column":59}},"21":{"start":{"line":76,"column":6},"end":{"line":76,"column":51}}},"fnMap":{},"branchMap":{"0":{"loc":{"start":{"line":52,"column":6},"end":{"line":54,"column":7}},"type":"if","locations":[{"start":{"line":52,"column":6},"end":{"line":54,"column":7}},{"start":{"line":52,"column":6},"end":{"line":54,"column":7}}],"line":52},"1":{"loc":{"start":{"line":73,"column":13},"end":{"line":73,"column":58}},"type":"binary-expr","locations":[{"start":{"line":73,"column":13},"end":{"line":73,"column":37}},{"start":{"line":73,"column":41},"end":{"line":73,"column":58}}],"line":73}},"s":{"0":6,"1":4,"2":0,"3":0,"4":0,"5":0,"6":0,"7":4,"8":4,"9":2,"10":0,"11":0,"12":0,"13":0,"14":0,"15":0,"16":2,"17":2,"18":4,"19":0,"20":0,"21":0},"f":{},"b":{"0":[0,0],"1":[0,0]},"_coverageSchema":"332fd63041d2c1bcb487cc26dd0d5f7d97098a6c","hash":"b211d5a7ed8cec80a9deb32b03887cee6aa87c25"}
}
