TN:
SF:/Users/steven/Documents/Sites/basic-form-validator/src/Validator.js
FN:4,(anonymous_0)
FN:32,(anonymous_1)
FN:41,(anonymous_2)
FN:50,(anonymous_3)
FN:58,(anonymous_4)
FN:61,(anonymous_5)
FN:84,(anonymous_6)
FN:90,(anonymous_7)
FN:91,(anonymous_8)
FNF:9
FNH:9
FNDA:3,(anonymous_0)
FNDA:13,(anonymous_1)
FNDA:6,(anonymous_2)
FNDA:6,(anonymous_3)
FNDA:6,(anonymous_4)
FNDA:13,(anonymous_5)
FNDA:1,(anonymous_6)
FNDA:1,(anonymous_7)
FNDA:2,(anonymous_8)
DA:9,3
DA:10,3
DA:11,2
DA:17,0
DA:18,2
DA:20,1
DA:21,1
DA:24,1
DA:27,3
DA:28,3
DA:29,3
DA:33,13
DA:34,0
DA:35,13
DA:36,4
DA:38,9
DA:42,6
DA:43,6
DA:44,6
DA:45,12
DA:47,6
DA:57,6
DA:58,6
DA:59,6
DA:60,6
DA:61,6
DA:62,13
DA:63,13
DA:71,6
DA:74,6
DA:75,1
DA:80,5
DA:85,1
DA:86,1
DA:87,1
DA:88,2
DA:90,1
DA:91,2
LF:38
LH:36
BRDA:6,0,0,1
BRDA:7,1,0,3
BRDA:11,2,0,0
BRDA:11,2,1,2
BRDA:12,3,0,2
BRDA:12,3,1,1
BRDA:12,3,2,1
BRDA:18,4,0,1
BRDA:18,4,1,1
BRDA:33,5,0,0
BRDA:33,5,1,13
BRDA:35,6,0,4
BRDA:35,6,1,9
BRDA:53,7,0,5
BRDA:54,8,0,6
BRDA:55,9,0,6
BRDA:57,10,0,4
BRDA:57,10,1,2
BRDA:63,11,0,6
BRDA:63,11,1,7
BRDA:74,12,0,1
BRDA:74,12,1,5
BRDA:84,13,0,1
BRDA:84,14,0,1
BRF:24
BRH:22
end_of_record
TN:
SF:/Users/steven/Documents/Sites/basic-form-validator/src/index.js
FNF:0
FNH:0
LF:0
LH:0
BRF:0
BRH:0
end_of_record
TN:
SF:/Users/steven/Documents/Sites/basic-form-validator/src/validations.js
FNF:0
FNH:0
DA:4,6
DA:7,4
DA:12,0
DA:15,0
DA:20,0
DA:21,0
DA:24,0
DA:32,4
DA:33,4
DA:36,2
DA:44,0
DA:47,0
DA:52,0
DA:53,0
DA:55,0
DA:58,0
DA:63,2
DA:64,2
DA:67,4
DA:72,0
DA:73,0
DA:76,0
LF:22
LH:8
BRDA:52,0,0,0
BRDA:52,0,1,0
BRDA:73,1,0,0
BRDA:73,1,1,0
BRF:4
BRH:0
end_of_record
